<?xml version="1.0" encoding="UTF-8"?>
<!-- Generated by org.testng.reporters.JUnitXMLReporter -->
<testsuite ignored="0" hostname="SEVEN-BITS" failures="0" tests="3" name="addEmployee" time="21.977" errors="0" timestamp="2022-07-25T14:34:16 IST">
  <testcase classname="com.testcases.AddEmployeePageTest" name="login" time="4.536"/>
  <testcase classname="com.testcases.AddEmployeePageTest" name="addEmpTest" time="2.77"/>
  <testcase classname="com.testcases.AddEmployeePageTest" name="searchEmp" time="9.625"/>
</testsuite> <!-- addEmployee -->
