<?xml version="1.0" encoding="UTF-8"?>
<!-- Generated by org.testng.reporters.JUnitXMLReporter -->
<testsuite ignored="0" hostname="SEVEN-BITS" failures="0" tests="3" name="login" time="6.308" errors="0" timestamp="2022-07-25T07:58:43 IST">
  <testcase classname="com.testcases.LoginPageTest" name="NavLoginPage" time="0.516"/>
  <testcase classname="com.testcases.LoginPageTest" name="loginTest" time="0.841"/>
  <testcase classname="com.testcases.LoginPageTest" name="verifyLogin" time="0.013"/>
</testsuite> <!-- login -->
