<?xml version="1.0" encoding="UTF-8"?>
<testng-results ignored="0" total="1" passed="1" failed="0" skipped="0">
  <reporter-output>
  </reporter-output>
  <suite started-at="2022-07-25T08:37:22 IST" name="Default suite" finished-at="2022-07-25T08:37:36 IST" duration-ms="13869">
    <groups>
    </groups>
    <test started-at="2022-07-25T08:37:22 IST" name="Default test" finished-at="2022-07-25T08:37:36 IST" duration-ms="13869">
      <class name="com.testcases.HomePageTest">
        <test-method is-config="true" signature="setup()[pri:0, instance:com.testcases.HomePageTest@27f981c6]" started-at="2022-07-25T08:37:22 IST" name="setup" finished-at="2022-07-25T08:37:28 IST" duration-ms="6148" status="PASS">
          <reporter-output>
          </reporter-output>
        </test-method> <!-- setup -->
        <test-method signature="addProd()[pri:0, instance:com.testcases.HomePageTest@27f981c6]" started-at="2022-07-25T08:37:28 IST" name="addProd" finished-at="2022-07-25T08:37:36 IST" duration-ms="7698" status="PASS">
          <reporter-output>
          </reporter-output>
        </test-method> <!-- addProd -->
      </class> <!-- com.testcases.HomePageTest -->
    </test> <!-- Default test -->
  </suite> <!-- Default suite -->
</testng-results>
