<?xml version="1.0" encoding="UTF-8"?>
<testng-results ignored="0" total="2" passed="2" failed="0" skipped="0">
  <reporter-output>
  </reporter-output>
  <suite started-at="2022-07-09T07:15:11 IST" name="OrangeHRM" finished-at="2022-07-09T07:15:30 IST" duration-ms="18918">
    <groups>
    </groups>
    <test started-at="2022-07-09T07:15:11 IST" name="LoginTest" finished-at="2022-07-09T07:15:30 IST" duration-ms="18918">
      <class name="com.testcases.LoginPageTest">
        <test-method is-config="true" signature="setup()[pri:0, instance:com.testcases.LoginPageTest@7c8c9a05]" started-at="2022-07-09T07:15:12 IST" name="setup" finished-at="2022-07-09T07:15:18 IST" duration-ms="6123" status="PASS">
          <reporter-output>
          </reporter-output>
        </test-method> <!-- setup -->
        <test-method signature="loginTest(java.lang.String,java.lang.String)[pri:0, instance:com.testcases.LoginPageTest@7c8c9a05]" started-at="2022-07-09T07:15:18 IST" name="loginTest" data-provider="excelData" finished-at="2022-07-09T07:15:20 IST" duration-ms="1580" status="PASS">
          <params>
            <param index="0">
              <value>
                <![CDATA[testvk]]>
              </value>
            </param>
            <param index="1">
              <value>
                <![CDATA[testvk123]]>
              </value>
            </param>
          </params>
          <reporter-output>
          </reporter-output>
        </test-method> <!-- loginTest -->
        <test-method is-config="true" signature="tearDown()[pri:0, instance:com.testcases.LoginPageTest@7c8c9a05]" started-at="2022-07-09T07:15:20 IST" name="tearDown" finished-at="2022-07-09T07:15:20 IST" duration-ms="192" status="PASS">
          <reporter-output>
          </reporter-output>
        </test-method> <!-- tearDown -->
        <test-method is-config="true" signature="setup()[pri:0, instance:com.testcases.LoginPageTest@7c8c9a05]" started-at="2022-07-09T07:15:20 IST" name="setup" finished-at="2022-07-09T07:15:24 IST" duration-ms="4731" status="PASS">
          <reporter-output>
          </reporter-output>
        </test-method> <!-- setup -->
        <test-method signature="loginTest(java.lang.String,java.lang.String)[pri:0, instance:com.testcases.LoginPageTest@7c8c9a05]" started-at="2022-07-09T07:15:24 IST" name="loginTest" data-provider="excelData" finished-at="2022-07-09T07:15:29 IST" duration-ms="5013" status="PASS">
          <params>
            <param index="0">
              <value>
                <![CDATA[admin]]>
              </value>
            </param>
            <param index="1">
              <value>
                <![CDATA[admin123]]>
              </value>
            </param>
          </params>
          <reporter-output>
          </reporter-output>
        </test-method> <!-- loginTest -->
        <test-method is-config="true" signature="tearDown()[pri:0, instance:com.testcases.LoginPageTest@7c8c9a05]" started-at="2022-07-09T07:15:29 IST" name="tearDown" finished-at="2022-07-09T07:15:30 IST" duration-ms="199" status="PASS">
          <reporter-output>
          </reporter-output>
        </test-method> <!-- tearDown -->
      </class> <!-- com.testcases.LoginPageTest -->
    </test> <!-- LoginTest -->
  </suite> <!-- OrangeHRM -->
</testng-results>
