<?xml version="1.0" encoding="UTF-8"?>
<testng-results ignored="0" total="1" passed="1" failed="0" skipped="0">
  <reporter-output>
  </reporter-output>
  <suite started-at="2022-06-02T07:13:37 IST" name="Default suite" finished-at="2022-06-02T07:14:06 IST" duration-ms="28948">
    <groups>
    </groups>
    <test started-at="2022-06-02T07:13:37 IST" name="Default test" finished-at="2022-06-02T07:14:06 IST" duration-ms="28948">
      <class name="com.test.testcases.LoginPageTest">
        <test-method is-config="true" signature="setup()[pri:0, instance:com.test.testcases.LoginPageTest@58d75e99]" started-at="2022-06-02T07:13:37 IST" name="setup" finished-at="2022-06-02T07:13:48 IST" duration-ms="10855" status="PASS">
          <reporter-output>
          </reporter-output>
        </test-method> <!-- setup -->
        <test-method signature="loginTest()[pri:0, instance:com.test.testcases.LoginPageTest@58d75e99]" started-at="2022-06-02T07:13:48 IST" name="loginTest" finished-at="2022-06-02T07:14:06 IST" duration-ms="18051" status="PASS">
          <reporter-output>
          </reporter-output>
        </test-method> <!-- loginTest -->
      </class> <!-- com.test.testcases.LoginPageTest -->
    </test> <!-- Default test -->
  </suite> <!-- Default suite -->
</testng-results>
